DEBUG:urllib3.util.retry:Converted retries value: 3 -> Retry(total=3, connect=None, read=None, redirect=None, status=None)
DEBUG:google.auth.transport.requests:Making request: POST https://oauth2.googleapis.com/token
DEBUG:urllib3.connectionpool:Starting new HTTPS connection (1): oauth2.googleapis.com:443
DEBUG:urllib3.connectionpool:https://oauth2.googleapis.com:443 "POST /token HTTP/1.1" 200 None
DEBUG:urllib3.connectionpool:Starting new HTTPS connection (1): bigquery.googleapis.com:443
DEBUG:urllib3.connectionpool:https://bigquery.googleapis.com:443 "POST /bigquery/v2/projects/my-covid-project-273115/jobs HTTP/1.1" 200 None
DEBUG:urllib3.connectionpool:https://bigquery.googleapis.com:443 "POST /bigquery/v2/projects/my-covid-project-273115/jobs HTTP/1.1" 200 None
DEBUG:urllib3.connectionpool:https://bigquery.googleapis.com:443 "POST /bigquery/v2/projects/my-covid-project-273115/jobs HTTP/1.1" 200 None
DEBUG:urllib3.connectionpool:https://bigquery.googleapis.com:443 "POST /bigquery/v2/projects/my-covid-project-273115/jobs HTTP/1.1" 200 None
DEBUG:urllib3.connectionpool:https://bigquery.googleapis.com:443 "POST /bigquery/v2/projects/my-covid-project-273115/jobs HTTP/1.1" 200 None
INFO:__main__:Running on http://127.0.0.1:8050/
INFO:__main__:Debugger PIN: 305-691-738
DEBUG:urllib3.util.retry:Converted retries value: 3 -> Retry(total=3, connect=None, read=None, redirect=None, status=None)
DEBUG:google.auth.transport.requests:Making request: POST https://oauth2.googleapis.com/token
DEBUG:urllib3.connectionpool:Starting new HTTPS connection (1): oauth2.googleapis.com:443
DEBUG:urllib3.connectionpool:https://oauth2.googleapis.com:443 "POST /token HTTP/1.1" 200 None
DEBUG:urllib3.connectionpool:Starting new HTTPS connection (1): bigquery.googleapis.com:443
DEBUG:urllib3.connectionpool:https://bigquery.googleapis.com:443 "POST /bigquery/v2/projects/my-covid-project-273115/jobs HTTP/1.1" 200 None
DEBUG:urllib3.connectionpool:https://bigquery.googleapis.com:443 "POST /bigquery/v2/projects/my-covid-project-273115/jobs HTTP/1.1" 200 None
DEBUG:urllib3.connectionpool:https://bigquery.googleapis.com:443 "POST /bigquery/v2/projects/my-covid-project-273115/jobs HTTP/1.1" 200 None
DEBUG:urllib3.connectionpool:https://bigquery.googleapis.com:443 "POST /bigquery/v2/projects/my-covid-project-273115/jobs HTTP/1.1" 200 None
DEBUG:urllib3.connectionpool:https://bigquery.googleapis.com:443 "POST /bigquery/v2/projects/my-covid-project-273115/jobs HTTP/1.1" 200 None
INFO:__main__:Running on http://127.0.0.1:8050/
INFO:__main__:Debugger PIN: 076-850-950
INFO:root:Getting overview data
INFO:root:Getting global data
DEBUG:urllib3.connectionpool:Starting new HTTPS connection (2): bigquery.googleapis.com:443
INFO:root:Getting overview data
DEBUG:urllib3.connectionpool:Starting new HTTPS connection (3): bigquery.googleapis.com:443
DEBUG:urllib3.connectionpool:https://bigquery.googleapis.com:443 "POST /bigquery/v2/projects/my-covid-project-273115/jobs HTTP/1.1" 200 None
DEBUG:urllib3.connectionpool:https://bigquery.googleapis.com:443 "GET /bigquery/v2/projects/my-covid-project-273115/queries/8f6728b0-a95b-4b66-b78a-d1381eb1ae84?maxResults=0&location=EU HTTP/1.1" 200 None
DEBUG:urllib3.connectionpool:https://bigquery.googleapis.com:443 "GET /bigquery/v2/projects/my-covid-project-273115/jobs/8f6728b0-a95b-4b66-b78a-d1381eb1ae84?location=EU HTTP/1.1" 200 None
DEBUG:urllib3.connectionpool:https://bigquery.googleapis.com:443 "POST /bigquery/v2/projects/my-covid-project-273115/jobs HTTP/1.1" 200 None
DEBUG:urllib3.connectionpool:https://bigquery.googleapis.com:443 "POST /bigquery/v2/projects/my-covid-project-273115/jobs HTTP/1.1" 200 None
DEBUG:google.cloud.bigquery.table:Started reading table 'my-covid-project-273115._9d9a14992791212f38780ca5fe5c048c41f3e3eb.anon6ff6585fc93caa563b4f525b3fa5f1eaf95bef34' with tabledata.list.
DEBUG:urllib3.connectionpool:https://bigquery.googleapis.com:443 "GET /bigquery/v2/projects/my-covid-project-273115/datasets/_9d9a14992791212f38780ca5fe5c048c41f3e3eb/tables/anon6ff6585fc93caa563b4f525b3fa5f1eaf95bef34/data HTTP/1.1" 200 None
DEBUG:urllib3.connectionpool:https://bigquery.googleapis.com:443 "GET /bigquery/v2/projects/my-covid-project-273115/queries/d8e8bb9a-012c-4750-866f-7c794cfb33b1?maxResults=0&location=EU HTTP/1.1" 200 None
DEBUG:urllib3.connectionpool:https://bigquery.googleapis.com:443 "GET /bigquery/v2/projects/my-covid-project-273115/queries/5fa3f036-50b4-4baf-8899-968e6c0cbeac?maxResults=0&location=EU HTTP/1.1" 200 None
INFO:root:Getting US data
DEBUG:urllib3.connectionpool:https://bigquery.googleapis.com:443 "GET /bigquery/v2/projects/my-covid-project-273115/jobs/5fa3f036-50b4-4baf-8899-968e6c0cbeac?location=EU HTTP/1.1" 200 None
DEBUG:google.cloud.bigquery.table:Started reading table 'my-covid-project-273115._9d9a14992791212f38780ca5fe5c048c41f3e3eb.anon371b197207eeec93facab9e2aa077b33618e5973' with tabledata.list.
DEBUG:urllib3.connectionpool:https://bigquery.googleapis.com:443 "GET /bigquery/v2/projects/my-covid-project-273115/jobs/d8e8bb9a-012c-4750-866f-7c794cfb33b1?location=EU HTTP/1.1" 200 None
DEBUG:google.cloud.bigquery.table:Started reading table 'my-covid-project-273115._9d9a14992791212f38780ca5fe5c048c41f3e3eb.anon6ff6585fc93caa563b4f525b3fa5f1eaf95bef34' with tabledata.list.
DEBUG:urllib3.connectionpool:https://bigquery.googleapis.com:443 "GET /bigquery/v2/projects/my-covid-project-273115/datasets/_9d9a14992791212f38780ca5fe5c048c41f3e3eb/tables/anon371b197207eeec93facab9e2aa077b33618e5973/data HTTP/1.1" 200 None
DEBUG:urllib3.connectionpool:https://bigquery.googleapis.com:443 "GET /bigquery/v2/projects/my-covid-project-273115/datasets/_9d9a14992791212f38780ca5fe5c048c41f3e3eb/tables/anon6ff6585fc93caa563b4f525b3fa5f1eaf95bef34/data HTTP/1.1" 200 None
DEBUG:urllib3.connectionpool:https://bigquery.googleapis.com:443 "POST /bigquery/v2/projects/my-covid-project-273115/jobs HTTP/1.1" 200 None
DEBUG:urllib3.connectionpool:https://bigquery.googleapis.com:443 "GET /bigquery/v2/projects/my-covid-project-273115/queries/a9648284-ce44-4c38-9291-c0e4a23cf4f0?maxResults=0&location=EU HTTP/1.1" 200 None
DEBUG:urllib3.connectionpool:https://bigquery.googleapis.com:443 "GET /bigquery/v2/projects/my-covid-project-273115/jobs/a9648284-ce44-4c38-9291-c0e4a23cf4f0?location=EU HTTP/1.1" 200 None
DEBUG:google.cloud.bigquery.table:Started reading table 'my-covid-project-273115._9d9a14992791212f38780ca5fe5c048c41f3e3eb.anona9190dc37a9761e0972bac3f9e0877d037e8b8e9' with tabledata.list.
DEBUG:urllib3.connectionpool:https://bigquery.googleapis.com:443 "GET /bigquery/v2/projects/my-covid-project-273115/datasets/_9d9a14992791212f38780ca5fe5c048c41f3e3eb/tables/anona9190dc37a9761e0972bac3f9e0877d037e8b8e9/data HTTP/1.1" 200 None
INFO:root:Fetching Spain totals.
INFO:root:Getting Spain overview data
DEBUG:urllib3.connectionpool:https://bigquery.googleapis.com:443 "POST /bigquery/v2/projects/my-covid-project-273115/jobs HTTP/1.1" 200 None
DEBUG:urllib3.connectionpool:https://bigquery.googleapis.com:443 "GET /bigquery/v2/projects/my-covid-project-273115/queries/f82a0c90-d9bc-488b-86d4-23201b4bab50?maxResults=0&location=EU HTTP/1.1" 200 None
DEBUG:urllib3.connectionpool:https://bigquery.googleapis.com:443 "GET /bigquery/v2/projects/my-covid-project-273115/jobs/f82a0c90-d9bc-488b-86d4-23201b4bab50?location=EU HTTP/1.1" 200 None
DEBUG:google.cloud.bigquery.table:Started reading table 'my-covid-project-273115._9d9a14992791212f38780ca5fe5c048c41f3e3eb.anon6f1064b60e0eda96f70b82ac59f28c863b20205a' with tabledata.list.
DEBUG:urllib3.connectionpool:https://bigquery.googleapis.com:443 "GET /bigquery/v2/projects/my-covid-project-273115/datasets/_9d9a14992791212f38780ca5fe5c048c41f3e3eb/tables/anon6f1064b60e0eda96f70b82ac59f28c863b20205a/data HTTP/1.1" 200 None
INFO:root:Getting Spain data
DEBUG:urllib3.connectionpool:https://bigquery.googleapis.com:443 "POST /bigquery/v2/projects/my-covid-project-273115/jobs HTTP/1.1" 200 None
DEBUG:urllib3.connectionpool:https://bigquery.googleapis.com:443 "GET /bigquery/v2/projects/my-covid-project-273115/queries/1a6506f4-56aa-442b-840c-781e60a3b403?maxResults=0&location=EU HTTP/1.1" 200 None
DEBUG:urllib3.connectionpool:https://bigquery.googleapis.com:443 "GET /bigquery/v2/projects/my-covid-project-273115/jobs/1a6506f4-56aa-442b-840c-781e60a3b403?location=EU HTTP/1.1" 200 None
DEBUG:google.cloud.bigquery.table:Started reading table 'my-covid-project-273115._9d9a14992791212f38780ca5fe5c048c41f3e3eb.anon5a8aadabf6507bd3f27f2fe4036578cdbaec3111' with tabledata.list.
DEBUG:urllib3.connectionpool:https://bigquery.googleapis.com:443 "GET /bigquery/v2/projects/my-covid-project-273115/datasets/_9d9a14992791212f38780ca5fe5c048c41f3e3eb/tables/anon5a8aadabf6507bd3f27f2fe4036578cdbaec3111/data HTTP/1.1" 200 None
